\BOOKMARK [1][-]{section.1}{To do for paper}{}% 1
\BOOKMARK [2][-]{subsection.1.1}{Edit all}{section.1}% 2
\BOOKMARK [2][-]{subsection.1.2}{Look up templates etc, double-check there's not one out there}{section.1}% 3
\BOOKMARK [2][-]{subsection.1.3}{Do and write up the experiments}{section.1}% 4
\BOOKMARK [3][-]{subsubsection.1.3.1}{Synthetic Task}{subsection.1.3}% 5
\BOOKMARK [3][-]{subsubsection.1.3.2}{Medical Task}{subsection.1.3}% 6
\BOOKMARK [3][-]{subsubsection.1.3.3}{Throughput Task}{subsection.1.3}% 7
\BOOKMARK [3][-]{subsubsection.1.3.4}{PLR/SLR comparison}{subsection.1.3}% 8
\BOOKMARK [2][-]{subsection.1.4}{Collate the experiments and smooth}{section.1}% 9
\BOOKMARK [2][-]{subsection.1.5}{Think about the overall message of the piece and rewrite as necessary}{section.1}% 10
\BOOKMARK [2][-]{subsection.1.6}{Send to Adam, Andy to check}{section.1}% 11
\BOOKMARK [2][-]{subsection.1.7}{Submit}{section.1}% 12
\BOOKMARK [3][-]{subsubsection.1.7.1}{Then go to party and relax the fuck out}{subsection.1.7}% 13
\BOOKMARK [1][-]{section.2}{Timeline}{}% 14
\BOOKMARK [2][-]{subsection.2.1}{Saturday evening:}{section.2}% 15
\BOOKMARK [3][-]{subsubsection.2.1.1}{Done interesting medical results, tested on testing set}{subsection.2.1}% 16
\BOOKMARK [3][-]{subsubsection.2.1.2}{Looked at throughput task}{subsection.2.1}% 17
\BOOKMARK [3][-]{subsubsection.2.1.3}{Done PLR / SLR throughput task}{subsection.2.1}% 18
\BOOKMARK [2][-]{subsection.2.2}{Sunday evening:}{section.2}% 19
\BOOKMARK [3][-]{subsubsection.2.2.1}{Fully written up medical task}{subsection.2.2}% 20
\BOOKMARK [3][-]{subsubsection.2.2.2}{Written up throuput and PLR/SLR task}{subsection.2.2}% 21
\BOOKMARK [3][-]{subsubsection.2.2.3}{Start editing the paper, smoothing into a cohesive whole}{subsection.2.2}% 22
\BOOKMARK [2][-]{subsection.2.3}{Monday evening:}{section.2}% 23
\BOOKMARK [3][-]{subsubsection.2.3.1}{Finish editing, send off to everyone else}{subsection.2.3}% 24
